<?xml version="1.0" encoding="UTF-8"?>
<unitTest version="1">
    <file path="/Applications/XAMPP/xamppfiles/htdocs/team11-PULSeBS/clientbuild/client/src/__tests__/SupportOfficerPage.test.js">
        <testCase name="renders SupportOfficerPage page" duration="60"/>
    </file>
    <file path="/Applications/XAMPP/xamppfiles/htdocs/team11-PULSeBS/clientbuild/client/src/__tests__/ContactTracingPage.test.js">
        <testCase name="renders learn react link" duration="122"/>
        <testCase name="student name input box" duration="98"/>
        <testCase name="studentMatchesInput" duration="17"/>
        <testCase name="createStudentTableRow" duration="3"/>
        <testCase name="handleStudentButtonClick" duration="66"/>
        <testCase name="different legth of search result" duration="32"/>
        <testCase name="click on generate report button" duration="16"/>
    </file>
    <file path="/Applications/XAMPP/xamppfiles/htdocs/team11-PULSeBS/clientbuild/client/src/__tests__/SupportOfficerSetupPage.test.js">
        <testCase name="renders SupportOfficerPage page" duration="362"/>
        <testCase name="handleNext" duration="57"/>
        <testCase name="handleBack and handleReset" duration="14"/>
        <testCase name="getStepContent" duration="37"/>
        <testCase name="onFileAdded" duration="26"/>
        <testCase name="csvDataToJSON" duration="11"/>
        <testCase name="handleFinish" duration="98"/>
        <testCase name="handleFinish error" duration="90"/>
        <testCase name="convertAndSendTeachers" duration="71"/>
        <testCase name="convertAndSendCourses" duration="19"/>
        <testCase name="convertAndSendLectures" duration="15"/>
        <testCase name="convertAndSendStudents" duration="12"/>
        <testCase name="convertAndSendClasses" duration="11"/>
    </file>
    <file path="/Applications/XAMPP/xamppfiles/htdocs/team11-PULSeBS/clientbuild/client/src/__tests__/TeacherHistoricalDataPage.test.js">
        <testCase name="renders learn react link" duration="65"/>
        <testCase name="list of filters starts with &quot;Lecture&quot; active" duration="20"/>
        <testCase name="updateCourses" duration="345"/>
        <testCase name="getDataFromServerAndUpdate" duration="26"/>
        <testCase name="getDataFromServerAndUpdate API error" duration="116"/>
        <testCase name="handleNewDetailClick and handleNewCourseClick" duration="3"/>
        <testCase name="updateGraphData" duration="19"/>
        <testCase name="updateCourses catch error" duration="24"/>
    </file>
    <file path="/Applications/XAMPP/xamppfiles/htdocs/team11-PULSeBS/clientbuild/client/src/__tests__/App.test.js">
        <testCase name="renders learn react link" duration="106"/>
        <testCase name="get functions getStudentBookings" duration="132"/>
        <testCase name="get functions getBookableStudentLectures" duration="54"/>
        <testCase name="get functions getTeacherLectures" duration="10"/>
        <testCase name="get functions getFullLectures" duration="36"/>
        <testCase name="get functions getWaitingBookings" duration="15"/>
        <testCase name="get functions setLoggedIn student" duration="32"/>
        <testCase name="get functions setLoggedIn teacher" duration="8"/>
        <testCase name="get functions setLoggedIn booking-manager" duration="20"/>
        <testCase name="get functions setLoggedIn support-officer" duration="5"/>
        <testCase name="get functions logout" duration="146"/>
        <testCase name="get functions bookASeat" duration="76"/>
        <testCase name="get functions deleteBooking" duration="17"/>
        <testCase name="get functions deleteLecture" duration="7"/>
        <testCase name="get functions changeToOnline" duration="27"/>
    </file>
    <file path="/Applications/XAMPP/xamppfiles/htdocs/team11-PULSeBS/clientbuild/client/src/__tests__/Calendar.test.js">
        <testCase name="Calendar render" duration="477"/>
        <testCase name="closeModal function" duration="2"/>
        <testCase name="handleEventClick teacher" duration="21"/>
        <testCase name="handleEventClick student" duration="3"/>
        <testCase name="fullLecture click" duration="2"/>
    </file>
    <file path="/Applications/XAMPP/xamppfiles/htdocs/team11-PULSeBS/clientbuild/client/src/__tests__/TeacherCalendarPage.test.js">
        <testCase name="TeacherCalendarPage render" duration="428"/>
    </file>
    <file path="/Applications/XAMPP/xamppfiles/htdocs/team11-PULSeBS/clientbuild/client/src/__tests__/StudentCalendarPage.test.js">
        <testCase name="StudentCalendarPage render" duration="517"/>
    </file>
    <file path="/Applications/XAMPP/xamppfiles/htdocs/team11-PULSeBS/clientbuild/client/src/__tests__/LoginForm.test.js">
        <testCase name="LoginFrom renders correctly" duration="34"/>
        <testCase name="Input value update on change username" duration="48"/>
        <testCase name="Input value fail login" duration="202"/>
        <testCase name="Input value empty input" duration="12"/>
        <testCase name="Input value login bad credentials" duration="3"/>
        <testCase name="Input value login error" duration="5"/>
        <testCase name="Input value prevent default" duration="1"/>
        <testCase name="Input value redirect to student home" duration="2"/>
        <testCase name="Input value redirect to teacher home" duration="2"/>
        <testCase name="Input value redirect to booking-manager home" duration="2"/>
        <testCase name="Input value redirect to support-officer home" duration="2"/>
        <testCase name="Input value correct login" duration="2"/>
    </file>
    <file path="/Applications/XAMPP/xamppfiles/htdocs/team11-PULSeBS/clientbuild/client/src/__tests__/ModalStudent.test.js">
        <testCase name="Modal render Render with show true" duration="189"/>
        <testCase name="Modal render Render with show false" duration="3"/>
        <testCase name="Modal content render booking" duration="46"/>
        <testCase name="Modal content render delete booking" duration="83"/>
        <testCase name="Modal content render full booking" duration="66"/>
        <testCase name="Modal buttons Modal don&apos;t delete button" duration="60"/>
        <testCase name="Modal buttons Modal delete button" duration="84"/>
        <testCase name="Modal buttons Modal don&apos;t book button" duration="69"/>
        <testCase name="Modal buttons Modal book button" duration="70"/>
        <testCase name="Modal buttons onHide" duration="163"/>
        <testCase name="Modal buttons onHide fullLecture" duration="97"/>
        <testCase name="Modal buttons Modal don&apos;t wait button" duration="40"/>
        <testCase name="Modal buttons Modal wait button" duration="57"/>
        <testCase name="Modal buttons onHide waitingBooking" duration="82"/>
        <testCase name="Modal buttons Modal don&apos;t leave button" duration="28"/>
        <testCase name="Modal buttons Modal leave waiting list button" duration="43"/>
    </file>
    <file path="/Applications/XAMPP/xamppfiles/htdocs/team11-PULSeBS/clientbuild/client/src/__tests__/Dropzone.test.js">
        <testCase name="renders Dropzone page" duration="5"/>
        <testCase name="render Dropzone with file" duration="14"/>
        <testCase name="onDrop" duration="4"/>
        <testCase name="onDrop with undefined onFileAdded" duration="1"/>
        <testCase name="onDrop with disabled true" duration="1"/>
        <testCase name="onDragLeave" duration="2"/>
        <testCase name="onDragOver" duration="1"/>
        <testCase name="onDragOver disabled true" duration="18"/>
        <testCase name="onFileAdded" duration="7"/>
        <testCase name="onFileAdded undefined onFileAdded" duration="1"/>
        <testCase name="onFileAdded disabled" duration="1"/>
        <testCase name="openFileDialog" duration="1"/>
        <testCase name="openFileDialog disabled true" duration="1"/>
    </file>
    <file path="/Applications/XAMPP/xamppfiles/htdocs/team11-PULSeBS/clientbuild/client/src/__tests__/BookingManagerPage.test.js">
        <testCase name="renders learn react link" duration="174"/>
        <testCase name="handleBookingFilterChange" duration="24"/>
        <testCase name="handleCancellationFilterChangee" duration="62"/>
        <testCase name="handleSelectionChange" duration="7"/>
        <testCase name="updateBookingGraphData" duration="6"/>
    </file>
    <file path="/Applications/XAMPP/xamppfiles/htdocs/team11-PULSeBS/clientbuild/client/src/__tests__/API.test.js">
        <testCase name="getTeacherStatistics" duration="6"/>
        <testCase name="bookASeat" duration="22"/>
        <testCase name="deleteBooking" duration="2"/>
        <testCase name="deleteLecture" duration="19"/>
        <testCase name="changeToOnline" duration="6"/>
        <testCase name="getAllStudents" duration="3"/>
        <testCase name="getFullLectures" duration="2"/>
        <testCase name="getCoursesOfTeacher" duration="1"/>
        <testCase name="getCancellationsStatisticsByLesson" duration="3"/>
        <testCase name="getCancellationsStatisticsByWeek" duration="2"/>
        <testCase name="getCancellationsStatisticsByMonth" duration="6"/>
        <testCase name="getBookingStatisticsByLesson" duration="1"/>
        <testCase name="getBookingStatisticsByMonth" duration="2"/>
        <testCase name="getBookingStatisticsByWeek" duration="8"/>
        <testCase name="getAllCourses" duration="17"/>
        <testCase name="getTeacherLectures" duration="2"/>
        <testCase name="getWaitingBookings" duration="7"/>
        <testCase name="getStudentBookings" duration="2"/>
        <testCase name="getBooking" duration="1"/>
        <testCase name="getBookableStudentLectures" duration="1"/>
        <testCase name="logout" duration="1"/>
        <testCase name="userLogin" duration="1"/>
        <testCase name="getStudentContacts" duration="12"/>
        <testCase name="setUpClasses" duration="9"/>
        <testCase name="setUpLectures" duration="5"/>
        <testCase name="setUpCourses" duration="5"/>
        <testCase name="setUpProfessors" duration="3"/>
        <testCase name="setUpStudents" duration="16"/>
    </file>
    <file path="/Applications/XAMPP/xamppfiles/htdocs/team11-PULSeBS/clientbuild/client/src/__tests__/TopBar.test.js">
        <testCase name="TopBar renderer Whit User logged in" duration="10"/>
        <testCase name="TopBar renderer Without user logged in" duration="2"/>
        <testCase name="TopBar renderer Render as teacher" duration="4"/>
        <testCase name="TopBar renderer Render as booking manager" duration="19"/>
        <testCase name="TopBar renderer Render as support officer" duration="2"/>
        <testCase name="Logout render Logout render with user logged" duration="68"/>
        <testCase name="Logout render Logout render without user logged" duration="17"/>
        <testCase name="Logout button" duration="10"/>
        <testCase name="Home button for default" duration="18"/>
        <testCase name="Home button for support-officer" duration="34"/>
    </file>
    <file path="/Applications/XAMPP/xamppfiles/htdocs/team11-PULSeBS/clientbuild/client/src/__tests__/TeacherNavigationButton.test.js">
        <testCase name="render button" duration="15"/>
        <testCase name="handleClick" duration="2"/>
    </file>
    <file path="/Applications/XAMPP/xamppfiles/htdocs/team11-PULSeBS/clientbuild/client/src/__tests__/TeacherDataSelectionList.test.js">
        <testCase name="renders correctly" duration="18"/>
        <testCase name="item click" duration="27"/>
    </file>
    <file path="/Applications/XAMPP/xamppfiles/htdocs/team11-PULSeBS/clientbuild/client/src/__tests__/BookingManagerNavButton.test.js">
        <testCase name="render button" duration="17"/>
        <testCase name="handleClick" duration="1"/>
    </file>
    <file path="/Applications/XAMPP/xamppfiles/htdocs/team11-PULSeBS/clientbuild/client/src/__tests__/ModalTeacher.test.js">
        <testCase name="Modal render Render with show true" duration="143"/>
        <testCase name="Modal render Render with show false" duration="4"/>
        <testCase name="Modal content render" duration="42"/>
        <testCase name="Modal content render" duration="63"/>
        <testCase name="Render student list" duration="35"/>
        <testCase name="Modal close button" duration="45"/>
        <testCase name="onHide" duration="76"/>
        <testCase name="Modal delete and changeToOnline buttons" duration="31"/>
        <testCase name="Modal delete and changeTo button disabled" duration="27"/>
    </file>
</unitTest>