<?xml version="1.0" encoding="UTF-8"?>
<unitTest version="1">
    <file path="/Applications/XAMPP/xamppfiles/htdocs/team11-PULSeBS/clientbuild/client/src/__tests__/CourseUpdateSchedulePage.test.js">
        <testCase name="renders CourseUpdateSchedulePage page" duration="60"/>
        <testCase name="handleEventClick" duration="4"/>
        <testCase name="closeDecisionModal" duration="1"/>
        <testCase name="onClickModifyLecture" duration="2"/>
        <testCase name="onClickDeleteLecture" duration="150"/>
        <testCase name="API getAllCourses error" duration="21"/>
        <testCase name="updateSchedule" duration="16"/>
        <testCase name="changeSchedule" duration="2"/>
    </file>
    <file path="/Applications/XAMPP/xamppfiles/htdocs/team11-PULSeBS/clientbuild/client/src/__tests__/ModalNewSchedule.test.js">
        <testCase name="Modal render Render with show true" duration="236"/>
        <testCase name="Modal render Render with show false" duration="15"/>
        <testCase name="handleChangeEndTime" duration="18"/>
        <testCase name="handleChangeBeginTime" duration="22"/>
        <testCase name="handleOnClickDropdown" duration="10"/>
        <testCase name="getAvailableStartTime" duration="13"/>
        <testCase name="handleOnClickDropdownClass" duration="10"/>
        <testCase name="requiredDataIsInserted" duration="38"/>
        <testCase name="clearAndClose" duration="11"/>
        <testCase name="handleSubmit" duration="11"/>
        <testCase name="onHide" duration="247"/>
        <testCase name="dropDown on click" duration="34"/>
        <testCase name="getMinutes" duration="2"/>
        <testCase name="getDayOfWeek" duration="11"/>
        <testCase name="getEndStartTime" duration="17"/>
    </file>
    <file path="/Applications/XAMPP/xamppfiles/htdocs/team11-PULSeBS/clientbuild/client/src/__tests__/ContactTracingPage.test.js">
        <testCase name="renders learn react link" duration="111"/>
        <testCase name="student name input box" duration="25"/>
        <testCase name="studentMatchesInput" duration="4"/>
        <testCase name="createStudentTableRow" duration="3"/>
        <testCase name="handleStudentButtonClick" duration="47"/>
        <testCase name="different legth of search result" duration="24"/>
        <testCase name="click on generate report button" duration="22"/>
    </file>
    <file path="/Applications/XAMPP/xamppfiles/htdocs/team11-PULSeBS/clientbuild/client/src/__tests__/ModalTeacher.test.js">
        <testCase name="Modal render Render with show true" duration="53"/>
        <testCase name="Modal render Render with show false" duration="3"/>
        <testCase name="Modal content render" duration="51"/>
        <testCase name="Modal content render" duration="39"/>
        <testCase name="Render student list" duration="156"/>
        <testCase name="Modal close button" duration="136"/>
        <testCase name="onHide" duration="146"/>
        <testCase name="Modal delete and changeToOnline buttons" duration="26"/>
        <testCase name="Modal delete and changeTo button disabled" duration="38"/>
    </file>
    <file path="/Applications/XAMPP/xamppfiles/htdocs/team11-PULSeBS/clientbuild/client/src/__tests__/ModalStudent.test.js">
        <testCase name="Modal render Render with show true" duration="38"/>
        <testCase name="Modal render Render with show false" duration="2"/>
        <testCase name="Modal content render booking" duration="20"/>
        <testCase name="Modal content render delete booking" duration="17"/>
        <testCase name="Modal content render full booking" duration="103"/>
        <testCase name="Modal buttons Modal don&apos;t delete button" duration="42"/>
        <testCase name="Modal buttons Modal delete button" duration="23"/>
        <testCase name="Modal buttons Modal don&apos;t book button" duration="52"/>
        <testCase name="Modal buttons Modal book button" duration="19"/>
        <testCase name="Modal buttons onHide" duration="50"/>
        <testCase name="Modal buttons onHide fullLecture" duration="45"/>
        <testCase name="Modal buttons Modal don&apos;t wait button" duration="18"/>
        <testCase name="Modal buttons Modal wait button" duration="19"/>
        <testCase name="Modal buttons onHide waitingBooking" duration="91"/>
        <testCase name="Modal buttons Modal don&apos;t leave button" duration="46"/>
        <testCase name="Modal buttons Modal leave waiting list button" duration="19"/>
    </file>
    <file path="/Applications/XAMPP/xamppfiles/htdocs/team11-PULSeBS/clientbuild/client/src/__tests__/SupportOfficerSetupPage.test.js">
        <testCase name="renders SupportOfficerPage page" duration="251"/>
        <testCase name="handleNext" duration="49"/>
        <testCase name="handleBack and handleReset" duration="48"/>
        <testCase name="serError" duration="4"/>
        <testCase name="getStepContent" duration="25"/>
        <testCase name="onFileAdded" duration="41"/>
        <testCase name="csvDataToJSON" duration="15"/>
        <testCase name="handleFinish" duration="32"/>
        <testCase name="handleFinish error" duration="44"/>
        <testCase name="convertAndSendTeachers" duration="117"/>
        <testCase name="convertAndSendCourses" duration="13"/>
        <testCase name="convertAndSendLectures" duration="14"/>
        <testCase name="convertAndSendStudents" duration="18"/>
        <testCase name="convertAndSendClasses" duration="93"/>
    </file>
    <file path="/Applications/XAMPP/xamppfiles/htdocs/team11-PULSeBS/clientbuild/client/src/__tests__/Calendar.test.js">
        <testCase name="Calendar render" duration="237"/>
        <testCase name="closeModal function" duration="4"/>
        <testCase name="handleEventClick teacher" duration="8"/>
        <testCase name="handleEventClick student" duration="3"/>
        <testCase name="fullLecture click" duration="2"/>
        <testCase name="updateAttendace" duration="2"/>
    </file>
    <file path="/Applications/XAMPP/xamppfiles/htdocs/team11-PULSeBS/clientbuild/client/src/__tests__/App.test.js">
        <testCase name="renders learn react link" duration="50"/>
        <testCase name="get functions getStudentBookings" duration="207"/>
        <testCase name="get functions getBookableStudentLectures" duration="12"/>
        <testCase name="get functions getTeacherLectures" duration="28"/>
        <testCase name="get functions getFullLectures" duration="27"/>
        <testCase name="get functions getWaitingBookings" duration="3"/>
        <testCase name="get functions setLoggedIn student" duration="38"/>
        <testCase name="get functions setLoggedIn teacher" duration="16"/>
        <testCase name="get functions setLoggedIn booking-manager" duration="6"/>
        <testCase name="get functions setLoggedIn support-officer" duration="5"/>
        <testCase name="get functions logout" duration="90"/>
        <testCase name="get functions bookASeat" duration="64"/>
        <testCase name="get functions deleteBooking" duration="19"/>
        <testCase name="get functions deleteLecture" duration="34"/>
        <testCase name="get functions changeToOnline" duration="8"/>
        <testCase name="get functions updateAttendance" duration="7"/>
    </file>
    <file path="/Applications/XAMPP/xamppfiles/htdocs/team11-PULSeBS/clientbuild/client/src/__tests__/BookingManagerPage.test.js">
        <testCase name="renders BookingManagerPage" duration="154"/>
        <testCase name="handleBookingFilterChange" duration="16"/>
        <testCase name="handleCancellationFilterChangee" duration="10"/>
        <testCase name="handleSelectionChange" duration="6"/>
        <testCase name="updateBookingGraphData" duration="6"/>
        <testCase name="select input onChange event" duration="12"/>
    </file>
    <file path="/Applications/XAMPP/xamppfiles/htdocs/team11-PULSeBS/clientbuild/client/src/__tests__/API.test.js">
        <testCase name="getTeacherStatistics" duration="37"/>
        <testCase name="bookASeat" duration="44"/>
        <testCase name="deleteBooking" duration="2"/>
        <testCase name="deleteLecture" duration="12"/>
        <testCase name="changeToOnline" duration="6"/>
        <testCase name="getAllStudents" duration="2"/>
        <testCase name="getFullLectures" duration="9"/>
        <testCase name="getCoursesOfTeacher" duration="1"/>
        <testCase name="getCancellationsStatisticsByLesson" duration="6"/>
        <testCase name="getCancellationsStatisticsByWeek" duration="2"/>
        <testCase name="getCancellationsStatisticsByMonth" duration="2"/>
        <testCase name="getBookingStatisticsByLesson" duration="13"/>
        <testCase name="getBookingStatisticsByMonth" duration="2"/>
        <testCase name="getBookingStatisticsByWeek" duration="1"/>
        <testCase name="getAllCourses" duration="1"/>
        <testCase name="getTeacherLectures" duration="1"/>
        <testCase name="getWaitingBookings" duration="2"/>
        <testCase name="getStudentBookings" duration="1"/>
        <testCase name="getBooking" duration="1"/>
        <testCase name="getBookableStudentLectures" duration="3"/>
        <testCase name="logout" duration="1"/>
        <testCase name="userLogin" duration="1"/>
        <testCase name="getStudentContacts" duration="2"/>
        <testCase name="setUpClasses" duration="6"/>
        <testCase name="setUpLectures" duration="19"/>
        <testCase name="setUpCourses" duration="9"/>
        <testCase name="setUpProfessors" duration="10"/>
        <testCase name="setUpStudents" duration="4"/>
        <testCase name="updateAttendance" duration="1"/>
        <testCase name="getAllClassrooms" duration="3"/>
        <testCase name="changeToOnlineByYear" duration="1"/>
        <testCase name="changeToPresenceByYear" duration="1"/>
        <testCase name="getGeneralSchedule" duration="129"/>
        <testCase name="updateSchedule" duration="4"/>
    </file>
    <file path="/Applications/XAMPP/xamppfiles/htdocs/team11-PULSeBS/clientbuild/client/src/__tests__/TeacherHistoricalDataPage.test.js">
        <testCase name="renders learn react link" duration="16"/>
        <testCase name="list of filters starts with &quot;Lecture&quot; active" duration="20"/>
        <testCase name="updateCourses" duration="55"/>
        <testCase name="getDataFromServerAndUpdate" duration="15"/>
        <testCase name="getDataFromServerAndUpdate API error" duration="265"/>
        <testCase name="handleNewDetailClick and handleNewCourseClick" duration="10"/>
        <testCase name="updateGraphData" duration="5"/>
        <testCase name="updateCourses catch error" duration="19"/>
    </file>
    <file path="/Applications/XAMPP/xamppfiles/htdocs/team11-PULSeBS/clientbuild/client/src/__tests__/StudentCalendarPage.test.js">
        <testCase name="StudentCalendarPage render" duration="345"/>
    </file>
    <file path="/Applications/XAMPP/xamppfiles/htdocs/team11-PULSeBS/clientbuild/client/src/__tests__/BookableLecturesPage.test.js">
        <testCase name="renders BookableLecturesPage" duration="40"/>
        <testCase name="onChangeValue" duration="3"/>
        <testCase name="buttonClickOnline" duration="19"/>
        <testCase name="buttonClickPresence" duration="5"/>
    </file>
    <file path="/Applications/XAMPP/xamppfiles/htdocs/team11-PULSeBS/clientbuild/client/src/__tests__/SupportOfficerPage.test.js">
        <testCase name="renders SupportOfficerPage page" duration="15"/>
        <testCase name="switch default case" duration="53"/>
    </file>
    <file path="/Applications/XAMPP/xamppfiles/htdocs/team11-PULSeBS/clientbuild/client/src/__tests__/TeacherCalendarPage.test.js">
        <testCase name="TeacherCalendarPage render" duration="230"/>
    </file>
    <file path="/Applications/XAMPP/xamppfiles/htdocs/team11-PULSeBS/clientbuild/client/src/__tests__/LoginForm.test.js">
        <testCase name="LoginFrom renders correctly" duration="13"/>
        <testCase name="Input value update on change username" duration="92"/>
        <testCase name="Input value fail login" duration="30"/>
        <testCase name="Input value empty input" duration="17"/>
        <testCase name="Input value login bad credentials" duration="3"/>
        <testCase name="Input value login error" duration="8"/>
        <testCase name="Input value prevent default" duration="1"/>
        <testCase name="Input value redirect to student home" duration="3"/>
        <testCase name="Input value redirect to teacher home" duration="2"/>
        <testCase name="Input value redirect to booking-manager home" duration="2"/>
        <testCase name="Input value redirect to support-officer home" duration="2"/>
        <testCase name="Input value correct login" duration="2"/>
    </file>
    <file path="/Applications/XAMPP/xamppfiles/htdocs/team11-PULSeBS/clientbuild/client/src/__tests__/SupportOfficerSchedulePage.test.js">
        <testCase name="renders SupportOfficerSchedulePage page" duration="177"/>
        <testCase name="courseMatchesInputId" duration="3"/>
        <testCase name="courseMatchesInputName" duration="3"/>
        <testCase name="courseMatchesInputTeacher" duration="2"/>
        <testCase name="handleOnChangeText" duration="11"/>
        <testCase name="handle button click" duration="4"/>
    </file>
    <file path="/Applications/XAMPP/xamppfiles/htdocs/team11-PULSeBS/clientbuild/client/src/__tests__/BookingManagerNavButton.test.js">
        <testCase name="render button" duration="10"/>
        <testCase name="handleClick" duration="2"/>
    </file>
    <file path="/Applications/XAMPP/xamppfiles/htdocs/team11-PULSeBS/clientbuild/client/src/__tests__/Dropzone.test.js">
        <testCase name="renders Dropzone page" duration="10"/>
        <testCase name="render Dropzone with file" duration="3"/>
        <testCase name="onDrop" duration="37"/>
        <testCase name="onDrop with undefined onFileAdded" duration="2"/>
        <testCase name="onDrop with disabled true" duration="1"/>
        <testCase name="onDragLeave" duration="1"/>
        <testCase name="onDragOver" duration="2"/>
        <testCase name="onDragOver disabled true" duration="1"/>
        <testCase name="onFileAdded" duration="16"/>
        <testCase name="onFileAdded undefined onFileAdded" duration="1"/>
        <testCase name="onFileAdded disabled" duration="1"/>
        <testCase name="openFileDialog" duration="1"/>
        <testCase name="openFileDialog disabled true" duration="1"/>
        <testCase name="Show error" duration="0"/>
    </file>
    <file path="/Applications/XAMPP/xamppfiles/htdocs/team11-PULSeBS/clientbuild/client/src/__tests__/TopBar.test.js">
        <testCase name="TopBar renderer Whit User logged in" duration="37"/>
        <testCase name="TopBar renderer Without user logged in" duration="2"/>
        <testCase name="TopBar renderer Render as teacher" duration="5"/>
        <testCase name="TopBar renderer Render as booking manager" duration="8"/>
        <testCase name="TopBar renderer Render as support officer" duration="2"/>
        <testCase name="Logout render Logout render with user logged" duration="5"/>
        <testCase name="Logout render Logout render without user logged" duration="9"/>
        <testCase name="Logout button" duration="25"/>
        <testCase name="Home button for default" duration="13"/>
        <testCase name="Home button for support-officer" duration="7"/>
    </file>
    <file path="/Applications/XAMPP/xamppfiles/htdocs/team11-PULSeBS/clientbuild/client/src/__tests__/TeacherDataSelectionList.test.js">
        <testCase name="renders correctly" duration="7"/>
        <testCase name="item click" duration="12"/>
    </file>
    <file path="/Applications/XAMPP/xamppfiles/htdocs/team11-PULSeBS/clientbuild/client/src/__tests__/TeacherNavigationButton.test.js">
        <testCase name="render button" duration="9"/>
        <testCase name="handleClick" duration="4"/>
    </file>
</unitTest>