<?xml version="1.0" encoding="UTF-8"?>
<unitTest version="1">
    <file path="/mnt/d/lessons/documentsLessons/softeng2/project2/team11-PULSeBS/clientbuild/client/src/__tests__/API.test.js">
        <testCase name="getBookableLectures" duration="415"/>
        <testCase name="getStudentBookings" duration="23"/>
        <testCase name="userLogin" duration="75"/>
        <testCase name="getBooking" duration="19"/>
        <testCase name="getTeacherLectures" duration="16"/>
        <testCase name="getFullLectures" duration="21"/>
        <testCase name="getCoursesOfTeacher" duration="16"/>
        <testCase name="getBookingStatisticsByLesson" duration="18"/>
        <testCase name="getBookingStatisticsByWeek" duration="30"/>
        <testCase name="getBookingStatisticsByMonth" duration="17"/>
        <testCase name="getAllCourses" duration="14"/>
        <testCase name="logout" duration="14"/>
        <testCase name="deleteBooking" duration="17"/>
    </file>
    <file path="/mnt/d/lessons/documentsLessons/softeng2/project2/team11-PULSeBS/clientbuild/client/src/__tests__/TeacherCalendarPage.test.js">
        <testCase name="TeacherCalendarPage render" duration="293"/>
    </file>
    <file path="/mnt/d/lessons/documentsLessons/softeng2/project2/team11-PULSeBS/clientbuild/client/src/__tests__/ModalStudent.test.js">
        <testCase name="Modal render Render with show true" duration="119"/>
        <testCase name="Modal render Render with show false" duration="3"/>
        <testCase name="Modal content render booking" duration="29"/>
        <testCase name="Modal content render delete booking" duration="23"/>
        <testCase name="Modal buttons Modal don&apos;t delete button" duration="22"/>
        <testCase name="Modal buttons Modal delete button" duration="28"/>
        <testCase name="Modal buttons Modal don&apos;t book button" duration="19"/>
        <testCase name="Modal buttons Modal book button" duration="17"/>
        <testCase name="Modal buttons onHide" duration="75"/>
    </file>
    <file path="/mnt/d/lessons/documentsLessons/softeng2/project2/team11-PULSeBS/clientbuild/client/src/__tests__/TopBar.test.js">
        <testCase name="TopBar renderer Whit User logged in" duration="32"/>
        <testCase name="TopBar renderer Without user logged in" duration="7"/>
        <testCase name="Logout render Logout render with user logged" duration="33"/>
        <testCase name="Logout render Logout render without user logged" duration="11"/>
        <testCase name="Logout button" duration="21"/>
    </file>
    <file path="/mnt/d/lessons/documentsLessons/softeng2/project2/team11-PULSeBS/clientbuild/client/src/__tests__/StudentCalendarPage.test.js">
        <testCase name="StudentCalendarPage render" duration="270"/>
    </file>
    <file path="/mnt/d/lessons/documentsLessons/softeng2/project2/team11-PULSeBS/clientbuild/client/src/__tests__/LoginForm.test.js">
        <testCase name="LoginFrom renders correctly" duration="26"/>
        <testCase name="Input value update on change username" duration="57"/>
        <testCase name="Input value fail login" duration="66"/>
        <testCase name="Input value correct login" duration="22"/>
        <testCase name="Input value empty input" duration="9"/>
        <testCase name="Input value login error" duration="564"/>
    </file>
    <file path="/mnt/d/lessons/documentsLessons/softeng2/project2/team11-PULSeBS/clientbuild/client/src/__tests__/BookingManagerPage.test.js">
        <testCase name="renders learn react link" duration="200"/>
        <testCase name="handleBookingFilterChange" duration="22"/>
        <testCase name="handleCancellationFilterChangee" duration="17"/>
    </file>
    <file path="/mnt/d/lessons/documentsLessons/softeng2/project2/team11-PULSeBS/clientbuild/client/src/__tests__/Calendar.test.js">
        <testCase name="Calendar render" duration="234"/>
        <testCase name="closeModal function" duration="6"/>
        <testCase name="handleEventClick teacher" duration="5"/>
        <testCase name="handleEventClick student" duration="2"/>
        <testCase name="fullLecture click" duration="1"/>
    </file>
    <file path="/mnt/d/lessons/documentsLessons/softeng2/project2/team11-PULSeBS/clientbuild/client/src/__tests__/TeacherHistoricalDataPage.test.js">
        <testCase name="renders learn react link" duration="69"/>
        <testCase name="list of filters starts with &quot;Lecture&quot; active" duration="48"/>
    </file>
    <file path="/mnt/d/lessons/documentsLessons/softeng2/project2/team11-PULSeBS/clientbuild/client/src/__tests__/TeacherDataSelectionList.test.js">
        <testCase name="renders correctly" duration="21"/>
    </file>
    <file path="/mnt/d/lessons/documentsLessons/softeng2/project2/team11-PULSeBS/clientbuild/client/src/__tests__/App.test.js">
        <testCase name="renders learn react link" duration="31"/>
        <testCase name="get functions getStudentBookings" duration="54"/>
        <testCase name="get functions getBookableStudentLectures" duration="10"/>
        <testCase name="get functions getTeacherLectures" duration="6"/>
        <testCase name="get functions getFullLectures" duration="6"/>
        <testCase name="get functions setLoggedIn student" duration="12"/>
        <testCase name="get functions setLoggedIn teacher" duration="7"/>
        <testCase name="get functions logout" duration="274"/>
        <testCase name="get functions bookASeat" duration="17"/>
        <testCase name="get functions deleteBooking" duration="6"/>
        <testCase name="get functions deleteLecture" duration="6"/>
        <testCase name="get functions changeToOnline" duration="5"/>
    </file>
    <file path="/mnt/d/lessons/documentsLessons/softeng2/project2/team11-PULSeBS/clientbuild/client/src/__tests__/ModalTeacher.test.js">
        <testCase name="Modal render Render with show true" duration="72"/>
        <testCase name="Modal render Render with show false" duration="2"/>
        <testCase name="Modal content render" duration="19"/>
        <testCase name="Render student list" duration="23"/>
        <testCase name="Modal close button" duration="14"/>
        <testCase name="onHide" duration="52"/>
        <testCase name="Modal delete and changeToOnline buttons" duration="13"/>
        <testCase name="Modal delete and changeTo button disabled" duration="18"/>
    </file>
</unitTest>