<?xml version="1.0" encoding="UTF-8"?>
<unitTest version="1">
    <file path="/mnt/d/lessons/documentsLessons/softeng2/project2/team11-PULSeBS/clientbuild/client/src/__tests__/API.test.js">
        <testCase name="getBookableLectures" duration="222"/>
        <testCase name="getStudentBookings" duration="18"/>
        <testCase name="userLogin" duration="51"/>
        <testCase name="getBooking" duration="12"/>
        <testCase name="getTeacherLectures" duration="13"/>
        <testCase name="getFullLectures" duration="15"/>
        <testCase name="getCoursesOfTeacher" duration="12"/>
        <testCase name="getBookingStatisticsByLesson" duration="15"/>
        <testCase name="getBookingStatisticsByWeek" duration="17"/>
        <testCase name="getBookingStatisticsByMonth" duration="20"/>
        <testCase name="getAllCourses" duration="9"/>
        <testCase name="logout" duration="10"/>
        <testCase name="deleteBooking" duration="16"/>
    </file>
    <file path="/mnt/d/lessons/documentsLessons/softeng2/project2/team11-PULSeBS/clientbuild/client/src/__tests__/Calendar.test.js">
        <testCase name="Calendar render" duration="177"/>
        <testCase name="closeModal function" duration="6"/>
        <testCase name="handleEventClick teacher" duration="3"/>
        <testCase name="handleEventClick student" duration="2"/>
        <testCase name="fullLecture click" duration="1"/>
    </file>
    <file path="/mnt/d/lessons/documentsLessons/softeng2/project2/team11-PULSeBS/clientbuild/client/src/__tests__/BookingManagerPage.test.js">
        <testCase name="renders learn react link" duration="178"/>
        <testCase name="handleBookingFilterChange" duration="18"/>
        <testCase name="handleCancellationFilterChangee" duration="17"/>
    </file>
    <file path="/mnt/d/lessons/documentsLessons/softeng2/project2/team11-PULSeBS/clientbuild/client/src/__tests__/ModalTeacher.test.js">
        <testCase name="Modal render Render with show true" duration="89"/>
        <testCase name="Modal render Render with show false" duration="4"/>
        <testCase name="Modal content render" duration="31"/>
        <testCase name="Render student list" duration="25"/>
        <testCase name="Modal close button" duration="17"/>
        <testCase name="onHide" duration="56"/>
        <testCase name="Modal delete and changeToOnline buttons" duration="15"/>
        <testCase name="Modal delete and changeTo button disabled" duration="22"/>
    </file>
    <file path="/mnt/d/lessons/documentsLessons/softeng2/project2/team11-PULSeBS/clientbuild/client/src/__tests__/StudentCalendarPage.test.js">
        <testCase name="StudentCalendarPage render" duration="111"/>
    </file>
    <file path="/mnt/d/lessons/documentsLessons/softeng2/project2/team11-PULSeBS/clientbuild/client/src/__tests__/TopBar.test.js">
        <testCase name="TopBar renderer Whit User logged in" duration="11"/>
        <testCase name="TopBar renderer Without user logged in" duration="5"/>
        <testCase name="Logout render Logout render with user logged" duration="22"/>
        <testCase name="Logout render Logout render without user logged" duration="8"/>
        <testCase name="Logout button" duration="14"/>
    </file>
    <file path="/mnt/d/lessons/documentsLessons/softeng2/project2/team11-PULSeBS/clientbuild/client/src/__tests__/TeacherHistoricalDataPage.test.js">
        <testCase name="renders learn react link" duration="27"/>
        <testCase name="list of filters starts with &quot;Lecture&quot; active" duration="41"/>
    </file>
    <file path="/mnt/d/lessons/documentsLessons/softeng2/project2/team11-PULSeBS/clientbuild/client/src/__tests__/TeacherCalendarPage.test.js">
        <testCase name="TeacherCalendarPage render" duration="159"/>
    </file>
    <file path="/mnt/d/lessons/documentsLessons/softeng2/project2/team11-PULSeBS/clientbuild/client/src/__tests__/ModalStudent.test.js">
        <testCase name="Modal render Render with show true" duration="48"/>
        <testCase name="Modal render Render with show false" duration="2"/>
        <testCase name="Modal content render booking" duration="14"/>
        <testCase name="Modal content render delete booking" duration="14"/>
        <testCase name="Modal buttons Modal don&apos;t delete button" duration="16"/>
        <testCase name="Modal buttons Modal delete button" duration="13"/>
        <testCase name="Modal buttons Modal don&apos;t book button" duration="13"/>
        <testCase name="Modal buttons Modal book button" duration="13"/>
        <testCase name="Modal buttons onHide" duration="48"/>
    </file>
    <file path="/mnt/d/lessons/documentsLessons/softeng2/project2/team11-PULSeBS/clientbuild/client/src/__tests__/TeacherDataSelectionList.test.js">
        <testCase name="renders correctly" duration="6"/>
    </file>
    <file path="/mnt/d/lessons/documentsLessons/softeng2/project2/team11-PULSeBS/clientbuild/client/src/__tests__/App.test.js">
        <testCase name="renders learn react link" duration="22"/>
        <testCase name="get functions getStudentBookings" duration="31"/>
        <testCase name="get functions getBookableStudentLectures" duration="8"/>
        <testCase name="get functions getTeacherLectures" duration="4"/>
        <testCase name="get functions getFullLectures" duration="7"/>
        <testCase name="get functions setLoggedIn student" duration="7"/>
        <testCase name="get functions setLoggedIn teacher" duration="4"/>
        <testCase name="get functions logout" duration="217"/>
        <testCase name="get functions bookASeat" duration="16"/>
        <testCase name="get functions deleteBooking" duration="5"/>
        <testCase name="get functions deleteLecture" duration="3"/>
        <testCase name="get functions changeToOnline" duration="4"/>
    </file>
    <file path="/mnt/d/lessons/documentsLessons/softeng2/project2/team11-PULSeBS/clientbuild/client/src/__tests__/LoginForm.test.js">
        <testCase name="LoginFrom renders correctly" duration="15"/>
        <testCase name="Input value update on change username" duration="31"/>
        <testCase name="Input value fail login" duration="42"/>
        <testCase name="Input value correct login" duration="11"/>
        <testCase name="Input value empty input" duration="5"/>
        <testCase name="Input value login error" duration="175"/>
    </file>
</unitTest>