<?xml version="1.0" encoding="UTF-8"?>
<unitTest version="1">
    <file path="/Applications/XAMPP/xamppfiles/htdocs/team11-PULSeBS/clientbuild/client/src/__tests__/ModalTeacher.test.js">
        <testCase name="Modal render Render with show true" duration="138"/>
        <testCase name="Modal render Render with show false" duration="2"/>
        <testCase name="Modal content render" duration="30"/>
        <testCase name="Render student list" duration="42"/>
        <testCase name="Modal close button" duration="28"/>
        <testCase name="onHide" duration="100"/>
        <testCase name="Modal delete and changeToOnline buttons" duration="20"/>
        <testCase name="Modal delete and changeTo button disabled" duration="32"/>
    </file>
    <file path="/Applications/XAMPP/xamppfiles/htdocs/team11-PULSeBS/clientbuild/client/src/__tests__/Calendar.test.js">
        <testCase name="Calendar render" duration="400"/>
        <testCase name="closeModal function" duration="6"/>
        <testCase name="handleEventClick teacher" duration="5"/>
        <testCase name="handleEventClick student" duration="6"/>
        <testCase name="fullLecture click" duration="2"/>
    </file>
    <file path="/Applications/XAMPP/xamppfiles/htdocs/team11-PULSeBS/clientbuild/client/src/__tests__/LoginForm.test.js">
        <testCase name="LoginFrom renders correctly" duration="66"/>
        <testCase name="Input value update on change username" duration="34"/>
        <testCase name="Input value fail login" duration="192"/>
        <testCase name="Input value correct login" duration="33"/>
        <testCase name="Input value empty input" duration="8"/>
        <testCase name="Input value login error" duration="124"/>
    </file>
    <file path="/Applications/XAMPP/xamppfiles/htdocs/team11-PULSeBS/clientbuild/client/src/__tests__/App.test.js">
        <testCase name="renders learn react link" duration="50"/>
        <testCase name="get functions getStudentBookings" duration="140"/>
        <testCase name="get functions getBookableStudentLectures" duration="43"/>
        <testCase name="get functions getTeacherLectures" duration="32"/>
        <testCase name="get functions getFullLectures" duration="34"/>
        <testCase name="get functions setLoggedIn student" duration="28"/>
        <testCase name="get functions setLoggedIn teacher" duration="4"/>
        <testCase name="get functions logout" duration="172"/>
        <testCase name="get functions bookASeat" duration="120"/>
        <testCase name="get functions deleteBooking" duration="7"/>
        <testCase name="get functions deleteLecture" duration="5"/>
        <testCase name="get functions changeToOnline" duration="23"/>
    </file>
    <file path="/Applications/XAMPP/xamppfiles/htdocs/team11-PULSeBS/clientbuild/client/src/__tests__/TeacherHistoricalDataPage.test.js">
        <testCase name="renders learn react link" duration="33"/>
        <testCase name="list of filters starts with &quot;Lecture&quot; active" duration="37"/>
    </file>
    <file path="/Applications/XAMPP/xamppfiles/htdocs/team11-PULSeBS/clientbuild/client/src/__tests__/BookingManagerPage.test.js">
        <testCase name="renders learn react link" duration="427"/>
        <testCase name="handleBookingFilterChange" duration="19"/>
        <testCase name="handleCancellationFilterChangee" duration="29"/>
    </file>
    <file path="/Applications/XAMPP/xamppfiles/htdocs/team11-PULSeBS/clientbuild/client/src/__tests__/ModalStudent.test.js">
        <testCase name="Modal render Render with show true" duration="352"/>
        <testCase name="Modal render Render with show false" duration="56"/>
        <testCase name="Modal content render booking" duration="67"/>
        <testCase name="Modal content render delete booking" duration="42"/>
        <testCase name="Modal content render full booking" duration="113"/>
        <testCase name="Modal buttons Modal don&apos;t delete button" duration="72"/>
        <testCase name="Modal buttons Modal delete button" duration="23"/>
        <testCase name="Modal buttons Modal don&apos;t book button" duration="24"/>
        <testCase name="Modal buttons Modal book button" duration="73"/>
        <testCase name="Modal buttons onHide" duration="166"/>
        <testCase name="Modal buttons onHide fullLecture" duration="81"/>
        <testCase name="Modal buttons Modal don&apos;t wait button" duration="31"/>
        <testCase name="Modal buttons Modal wait button" duration="17"/>
    </file>
    <file path="/Applications/XAMPP/xamppfiles/htdocs/team11-PULSeBS/clientbuild/client/src/__tests__/StudentCalendarPage.test.js">
        <testCase name="StudentCalendarPage render" duration="229"/>
    </file>
    <file path="/Applications/XAMPP/xamppfiles/htdocs/team11-PULSeBS/clientbuild/client/src/__tests__/TeacherCalendarPage.test.js">
        <testCase name="TeacherCalendarPage render" duration="260"/>
    </file>
    <file path="/Applications/XAMPP/xamppfiles/htdocs/team11-PULSeBS/clientbuild/client/src/__tests__/TopBar.test.js">
        <testCase name="TopBar renderer Whit User logged in" duration="6"/>
        <testCase name="TopBar renderer Without user logged in" duration="2"/>
        <testCase name="Logout render Logout render with user logged" duration="11"/>
        <testCase name="Logout render Logout render without user logged" duration="38"/>
        <testCase name="Logout button" duration="114"/>
    </file>
    <file path="/Applications/XAMPP/xamppfiles/htdocs/team11-PULSeBS/clientbuild/client/src/__tests__/TeacherDataSelectionList.test.js">
        <testCase name="renders correctly" duration="32"/>
    </file>
    <file path="/Applications/XAMPP/xamppfiles/htdocs/team11-PULSeBS/clientbuild/client/src/__tests__/API.test.js">
        <testCase name="getBookableLectures" duration="115"/>
        <testCase name="getStudentBookings" duration="20"/>
        <testCase name="userLogin" duration="62"/>
        <testCase name="getBooking" duration="13"/>
        <testCase name="getTeacherLectures" duration="13"/>
        <testCase name="getFullLectures" duration="14"/>
        <testCase name="getCoursesOfTeacher" duration="10"/>
        <testCase name="getBookingStatisticsByLesson" duration="14"/>
        <testCase name="getBookingStatisticsByWeek" duration="10"/>
        <testCase name="getBookingStatisticsByMonth" duration="15"/>
        <testCase name="getAllCourses" duration="13"/>
        <testCase name="logout" duration="12"/>
        <testCase name="deleteBooking" duration="12"/>
    </file>
</unitTest>