<?xml version="1.0" encoding="UTF-8"?>
<unitTest version="1">
    <file path="/Applications/XAMPP/xamppfiles/htdocs/team11-PULSeBS/clientbuild/client/src/__tests__/ModalTeacher.test.js">
        <testCase name="Modal render Render with show true" duration="135"/>
        <testCase name="Modal render Render with show false" duration="3"/>
        <testCase name="Modal content render" duration="29"/>
        <testCase name="Render student list" duration="62"/>
        <testCase name="Modal close button" duration="26"/>
        <testCase name="onHide" duration="109"/>
        <testCase name="Modal delete and changeToOnline buttons" duration="21"/>
        <testCase name="Modal delete and changeTo button disabled" duration="27"/>
    </file>
    <file path="/Applications/XAMPP/xamppfiles/htdocs/team11-PULSeBS/clientbuild/client/src/__tests__/API.test.js">
        <testCase name="getBookableLectures" duration="206"/>
        <testCase name="getStudentBookings" duration="18"/>
        <testCase name="userLogin" duration="67"/>
        <testCase name="getBooking" duration="15"/>
        <testCase name="getTeacherLectures" duration="15"/>
        <testCase name="getFullLectures" duration="27"/>
        <testCase name="getCoursesOfTeacher" duration="25"/>
        <testCase name="getBookingStatisticsByLesson" duration="54"/>
        <testCase name="getBookingStatisticsByWeek" duration="20"/>
        <testCase name="getBookingStatisticsByMonth" duration="13"/>
        <testCase name="getAllCourses" duration="13"/>
        <testCase name="logout" duration="12"/>
        <testCase name="deleteBooking" duration="15"/>
    </file>
    <file path="/Applications/XAMPP/xamppfiles/htdocs/team11-PULSeBS/clientbuild/client/src/__tests__/Calendar.test.js">
        <testCase name="Calendar render" duration="176"/>
        <testCase name="closeModal function" duration="6"/>
        <testCase name="handleEventClick teacher" duration="4"/>
        <testCase name="handleEventClick student" duration="2"/>
        <testCase name="fullLecture click" duration="2"/>
    </file>
    <file path="/Applications/XAMPP/xamppfiles/htdocs/team11-PULSeBS/clientbuild/client/src/__tests__/LoginForm.test.js">
        <testCase name="LoginFrom renders correctly" duration="17"/>
        <testCase name="Input value update on change username" duration="18"/>
        <testCase name="Input value fail login" duration="15"/>
        <testCase name="Input value correct login" duration="12"/>
        <testCase name="Input value empty input" duration="23"/>
        <testCase name="Input value login error" duration="351"/>
    </file>
    <file path="/Applications/XAMPP/xamppfiles/htdocs/team11-PULSeBS/clientbuild/client/src/__tests__/ModalStudent.test.js">
        <testCase name="Modal render Render with show true" duration="69"/>
        <testCase name="Modal render Render with show false" duration="3"/>
        <testCase name="Modal content render booking" duration="20"/>
        <testCase name="Modal content render delete booking" duration="18"/>
        <testCase name="Modal buttons Modal don&apos;t delete button" duration="18"/>
        <testCase name="Modal buttons Modal delete button" duration="23"/>
        <testCase name="Modal buttons Modal don&apos;t book button" duration="24"/>
        <testCase name="Modal buttons Modal book button" duration="18"/>
        <testCase name="Modal buttons onHide" duration="53"/>
    </file>
    <file path="/Applications/XAMPP/xamppfiles/htdocs/team11-PULSeBS/clientbuild/client/src/__tests__/BookingManagerPage.test.js">
        <testCase name="renders learn react link" duration="232"/>
        <testCase name="handleBookingFilterChange" duration="28"/>
        <testCase name="handleCancellationFilterChangee" duration="15"/>
    </file>
    <file path="/Applications/XAMPP/xamppfiles/htdocs/team11-PULSeBS/clientbuild/client/src/__tests__/StudentCalendarPage.test.js">
        <testCase name="StudentCalendarPage render" duration="365"/>
    </file>
    <file path="/Applications/XAMPP/xamppfiles/htdocs/team11-PULSeBS/clientbuild/client/src/__tests__/App.test.js">
        <testCase name="renders learn react link" duration="37"/>
        <testCase name="get functions getStudentBookings" duration="177"/>
        <testCase name="get functions getBookableStudentLectures" duration="16"/>
        <testCase name="get functions getTeacherLectures" duration="11"/>
        <testCase name="get functions getFullLectures" duration="11"/>
        <testCase name="get functions setLoggedIn student" duration="9"/>
        <testCase name="get functions setLoggedIn teacher" duration="16"/>
        <testCase name="get functions logout" duration="79"/>
        <testCase name="get functions bookASeat" duration="19"/>
        <testCase name="get functions deleteBooking" duration="17"/>
        <testCase name="get functions deleteLecture" duration="5"/>
        <testCase name="get functions changeToOnline" duration="14"/>
    </file>
    <file path="/Applications/XAMPP/xamppfiles/htdocs/team11-PULSeBS/clientbuild/client/src/__tests__/TeacherCalendarPage.test.js">
        <testCase name="TeacherCalendarPage render" duration="224"/>
    </file>
    <file path="/Applications/XAMPP/xamppfiles/htdocs/team11-PULSeBS/clientbuild/client/src/__tests__/TeacherHistoricalDataPage.test.js">
        <testCase name="renders learn react link" duration="15"/>
        <testCase name="list of filters starts with &quot;Lecture&quot; active" duration="39"/>
    </file>
    <file path="/Applications/XAMPP/xamppfiles/htdocs/team11-PULSeBS/clientbuild/client/src/__tests__/TeacherDataSelectionList.test.js">
        <testCase name="renders correctly" duration="7"/>
    </file>
    <file path="/Applications/XAMPP/xamppfiles/htdocs/team11-PULSeBS/clientbuild/client/src/__tests__/TopBar.test.js">
        <testCase name="TopBar renderer Whit User logged in" duration="36"/>
        <testCase name="TopBar renderer Without user logged in" duration="2"/>
        <testCase name="Logout render Logout render with user logged" duration="35"/>
        <testCase name="Logout render Logout render without user logged" duration="13"/>
        <testCase name="Logout button" duration="68"/>
    </file>
</unitTest>