<?xml version="1.0" encoding="UTF-8"?>
<unitTest version="1">
    <file path="/mnt/d/lessons/documentsLessons/softeng2/project2/team11-PULSeBS/clientbuild/client/src/__tests__/API.test.js">
        <testCase name="getBookableLectures" duration="316"/>
        <testCase name="getStudentBookings" duration="16"/>
        <testCase name="userLogin" duration="58"/>
        <testCase name="getBooking" duration="14"/>
        <testCase name="getTeacherLectures" duration="12"/>
        <testCase name="getFullLectures" duration="13"/>
        <testCase name="getCoursesOfTeacher" duration="11"/>
        <testCase name="getBookingStatisticsByLesson" duration="13"/>
        <testCase name="getBookingStatisticsByWeek" duration="11"/>
        <testCase name="getBookingStatisticsByMonth" duration="11"/>
        <testCase name="getAllCourses" duration="10"/>
        <testCase name="logout" duration="11"/>
        <testCase name="deleteBooking" duration="12"/>
    </file>
    <file path="/mnt/d/lessons/documentsLessons/softeng2/project2/team11-PULSeBS/clientbuild/client/src/__tests__/ModalStudent.test.js">
        <testCase name="Modal render Render with show true" duration="83"/>
        <testCase name="Modal render Render with show false" duration="4"/>
        <testCase name="Modal content render booking" duration="25"/>
        <testCase name="Modal content render delete booking" duration="16"/>
        <testCase name="Modal buttons Modal don&apos;t delete button" duration="25"/>
        <testCase name="Modal buttons Modal delete button" duration="18"/>
        <testCase name="Modal buttons Modal don&apos;t book button" duration="13"/>
        <testCase name="Modal buttons Modal book button" duration="12"/>
        <testCase name="Modal buttons onHide" duration="43"/>
    </file>
    <file path="/mnt/d/lessons/documentsLessons/softeng2/project2/team11-PULSeBS/clientbuild/client/src/__tests__/ModalTeacher.test.js">
        <testCase name="Modal render Render with show true" duration="84"/>
        <testCase name="Modal render Render with show false" duration="2"/>
        <testCase name="Modal content render" duration="22"/>
        <testCase name="Render student list" duration="27"/>
        <testCase name="Modal close button" duration="20"/>
        <testCase name="onHide" duration="55"/>
        <testCase name="Modal delete and changeToOnline buttons" duration="21"/>
        <testCase name="Modal delete and changeTo button disabled" duration="22"/>
    </file>
    <file path="/mnt/d/lessons/documentsLessons/softeng2/project2/team11-PULSeBS/clientbuild/client/src/__tests__/BookingManagerPage.test.js">
        <testCase name="renders learn react link" duration="169"/>
    </file>
    <file path="/mnt/d/lessons/documentsLessons/softeng2/project2/team11-PULSeBS/clientbuild/client/src/__tests__/Calendar.test.js">
        <testCase name="Calendar render" duration="216"/>
        <testCase name="closeModal function" duration="4"/>
        <testCase name="handleEventClick teacher" duration="4"/>
        <testCase name="handleEventClick student" duration="2"/>
        <testCase name="fullLecture click" duration="1"/>
    </file>
    <file path="/mnt/d/lessons/documentsLessons/softeng2/project2/team11-PULSeBS/clientbuild/client/src/__tests__/LoginForm.test.js">
        <testCase name="LoginFrom renders correctly" duration="20"/>
        <testCase name="Input value update on change username" duration="37"/>
        <testCase name="Input value fail login" duration="59"/>
        <testCase name="Input value correct login" duration="20"/>
        <testCase name="Input value empty input" duration="27"/>
        <testCase name="Input value login error" duration="306"/>
    </file>
    <file path="/mnt/d/lessons/documentsLessons/softeng2/project2/team11-PULSeBS/clientbuild/client/src/__tests__/App.test.js">
        <testCase name="renders learn react link" duration="26"/>
        <testCase name="get functions getStudentBookings" duration="50"/>
        <testCase name="get functions getBookableStudentLectures" duration="12"/>
        <testCase name="get functions getTeacherLectures" duration="7"/>
        <testCase name="get functions getFullLectures" duration="10"/>
        <testCase name="get functions setLoggedIn student" duration="12"/>
        <testCase name="get functions setLoggedIn teacher" duration="7"/>
        <testCase name="get functions logout" duration="345"/>
        <testCase name="get functions bookASeat" duration="21"/>
        <testCase name="get functions deleteBooking" duration="9"/>
        <testCase name="get functions deleteLecture" duration="6"/>
        <testCase name="get functions changeToOnline" duration="5"/>
    </file>
    <file path="/mnt/d/lessons/documentsLessons/softeng2/project2/team11-PULSeBS/clientbuild/client/src/__tests__/StudentCalendarPage.test.js">
        <testCase name="StudentCalendarPage render" duration="145"/>
    </file>
    <file path="/mnt/d/lessons/documentsLessons/softeng2/project2/team11-PULSeBS/clientbuild/client/src/__tests__/TeacherDataSelectionList.test.js">
        <testCase name="renders correctly" duration="14"/>
    </file>
    <file path="/mnt/d/lessons/documentsLessons/softeng2/project2/team11-PULSeBS/clientbuild/client/src/__tests__/TopBar.test.js">
        <testCase name="TopBar renderer Whit User logged in" duration="9"/>
        <testCase name="TopBar renderer Without user logged in" duration="3"/>
        <testCase name="Logout render Logout render with user logged" duration="7"/>
        <testCase name="Logout render Logout render without user logged" duration="6"/>
        <testCase name="Logout button" duration="9"/>
    </file>
    <file path="/mnt/d/lessons/documentsLessons/softeng2/project2/team11-PULSeBS/clientbuild/client/src/__tests__/TeacherCalendarPage.test.js">
        <testCase name="TeacherCalendarPage render" duration="132"/>
    </file>
    <file path="/mnt/d/lessons/documentsLessons/softeng2/project2/team11-PULSeBS/clientbuild/client/src/__tests__/TeacherHistoricalDataPage.test.js">
        <testCase name="renders learn react link" duration="40"/>
        <testCase name="list of filters starts with &quot;Lecture&quot; active" duration="12"/>
    </file>
</unitTest>