<?xml version="1.0" encoding="UTF-8"?>
<unitTest version="1">
    <file path="/mnt/d/lessons/documentsLessons/softeng2/project2/team11-PULSeBS/clientbuild/client/src/__tests__/TopBar.test.js">
        <testCase name="Logout render Logout render with user logged" duration="42"/>
        <testCase name="Logout render Logout render without user logged" duration="16"/>
        <testCase name="Logout button" duration="17"/>
    </file>
    <file path="/mnt/d/lessons/documentsLessons/softeng2/project2/team11-PULSeBS/clientbuild/client/src/__tests__/API.test.js">
        <testCase name="getBookableLectures" duration="685"/>
        <testCase name="getStudentBookings" duration="19"/>
        <testCase name="userLogin" duration="60"/>
        <testCase name="getBooking" duration="13"/>
        <testCase name="getTeacherLectures" duration="11"/>
        <testCase name="logout" duration="19"/>
        <testCase name="deleteBooking" duration="14"/>
    </file>
    <file path="/mnt/d/lessons/documentsLessons/softeng2/project2/team11-PULSeBS/clientbuild/client/src/__tests__/StudentCalendarPage.test.js">
        <testCase name="StudentCalendarPage render" duration="232"/>
    </file>
    <file path="/mnt/d/lessons/documentsLessons/softeng2/project2/team11-PULSeBS/clientbuild/client/src/__tests__/App.test.js">
        <testCase name="fake test" duration="3"/>
    </file>
    <file path="/mnt/d/lessons/documentsLessons/softeng2/project2/team11-PULSeBS/clientbuild/client/src/__tests__/Calendar.test.js">
        <testCase name="Calendar render" duration="163"/>
    </file>
    <file path="/mnt/d/lessons/documentsLessons/softeng2/project2/team11-PULSeBS/clientbuild/client/src/__tests__/LoginForm.test.js">
        <testCase name="LoginFrom renders correctly" duration="36"/>
        <testCase name="Input value update on change username" duration="14"/>
    </file>
</unitTest>