<?xml version="1.0" encoding="UTF-8"?>
<unitTest version="1">
    <file path="/Applications/XAMPP/xamppfiles/htdocs/team11-PULSeBS/clientbuild/client/src/__tests__/API.test.js">
        <testCase name="getBookableLectures" duration="271"/>
        <testCase name="getStudentBookings" duration="18"/>
        <testCase name="userLogin" duration="93"/>
        <testCase name="getBooking" duration="16"/>
        <testCase name="getTeacherLectures" duration="17"/>
        <testCase name="getFullLectures" duration="24"/>
        <testCase name="getCoursesOfTeacher" duration="12"/>
        <testCase name="getBookingStatisticsByLesson" duration="37"/>
        <testCase name="getBookingStatisticsByWeek" duration="29"/>
        <testCase name="getBookingStatisticsByMonth" duration="13"/>
        <testCase name="getAllCourses" duration="15"/>
        <testCase name="logout" duration="11"/>
        <testCase name="deleteBooking" duration="14"/>
    </file>
    <file path="/Applications/XAMPP/xamppfiles/htdocs/team11-PULSeBS/clientbuild/client/src/__tests__/Calendar.test.js">
        <testCase name="Calendar render" duration="231"/>
        <testCase name="closeModal function" duration="10"/>
        <testCase name="handleEventClick teacher" duration="6"/>
        <testCase name="handleEventClick student" duration="3"/>
        <testCase name="fullLecture click" duration="2"/>
    </file>
    <file path="/Applications/XAMPP/xamppfiles/htdocs/team11-PULSeBS/clientbuild/client/src/__tests__/App.test.js">
        <testCase name="renders learn react link" duration="30"/>
        <testCase name="get functions getStudentBookings" duration="71"/>
        <testCase name="get functions getBookableStudentLectures" duration="13"/>
        <testCase name="get functions getTeacherLectures" duration="6"/>
        <testCase name="get functions getFullLectures" duration="8"/>
        <testCase name="get functions setLoggedIn student" duration="18"/>
        <testCase name="get functions setLoggedIn teacher" duration="5"/>
        <testCase name="get functions logout" duration="85"/>
        <testCase name="get functions bookASeat" duration="34"/>
        <testCase name="get functions deleteBooking" duration="6"/>
        <testCase name="get functions deleteLecture" duration="5"/>
        <testCase name="get functions changeToOnline" duration="5"/>
    </file>
    <file path="/Applications/XAMPP/xamppfiles/htdocs/team11-PULSeBS/clientbuild/client/src/__tests__/StudentCalendarPage.test.js">
        <testCase name="StudentCalendarPage render" duration="225"/>
    </file>
    <file path="/Applications/XAMPP/xamppfiles/htdocs/team11-PULSeBS/clientbuild/client/src/__tests__/ModalTeacher.test.js">
        <testCase name="Modal render Render with show true" duration="73"/>
        <testCase name="Modal render Render with show false" duration="3"/>
        <testCase name="Modal content render" duration="28"/>
        <testCase name="Render student list" duration="31"/>
        <testCase name="Modal close button" duration="48"/>
        <testCase name="onHide" duration="124"/>
        <testCase name="Modal delete and changeToOnline buttons" duration="19"/>
        <testCase name="Modal delete and changeTo button disabled" duration="25"/>
    </file>
    <file path="/Applications/XAMPP/xamppfiles/htdocs/team11-PULSeBS/clientbuild/client/src/__tests__/ModalStudent.test.js">
        <testCase name="Modal render Render with show true" duration="108"/>
        <testCase name="Modal render Render with show false" duration="4"/>
        <testCase name="Modal content render booking" duration="21"/>
        <testCase name="Modal content render delete booking" duration="23"/>
        <testCase name="Modal content render full booking" duration="24"/>
        <testCase name="Modal buttons Modal don&apos;t delete button" duration="23"/>
        <testCase name="Modal buttons Modal delete button" duration="23"/>
        <testCase name="Modal buttons Modal don&apos;t book button" duration="24"/>
        <testCase name="Modal buttons Modal book button" duration="19"/>
        <testCase name="Modal buttons onHide" duration="64"/>
        <testCase name="Modal buttons onHide fullLecture" duration="46"/>
        <testCase name="Modal buttons Modal don&apos;t wait button" duration="22"/>
        <testCase name="Modal buttons Modal wait button" duration="16"/>
    </file>
    <file path="/Applications/XAMPP/xamppfiles/htdocs/team11-PULSeBS/clientbuild/client/src/__tests__/TeacherCalendarPage.test.js">
        <testCase name="TeacherCalendarPage render" duration="299"/>
    </file>
    <file path="/Applications/XAMPP/xamppfiles/htdocs/team11-PULSeBS/clientbuild/client/src/__tests__/TopBar.test.js">
        <testCase name="TopBar renderer Whit User logged in" duration="171"/>
        <testCase name="TopBar renderer Without user logged in" duration="5"/>
        <testCase name="Logout render Logout render with user logged" duration="6"/>
        <testCase name="Logout render Logout render without user logged" duration="23"/>
        <testCase name="Logout button" duration="14"/>
    </file>
    <file path="/Applications/XAMPP/xamppfiles/htdocs/team11-PULSeBS/clientbuild/client/src/__tests__/BookingManagerPage.test.js">
        <testCase name="renders learn react link" duration="295"/>
        <testCase name="handleBookingFilterChange" duration="40"/>
        <testCase name="handleCancellationFilterChangee" duration="12"/>
        <testCase name="handleSelectionChange" duration="18"/>
        <testCase name="updateBookingGraphData" duration="7"/>
    </file>
    <file path="/Applications/XAMPP/xamppfiles/htdocs/team11-PULSeBS/clientbuild/client/src/__tests__/TeacherDataSelectionList.test.js">
        <testCase name="renders correctly" duration="8"/>
    </file>
    <file path="/Applications/XAMPP/xamppfiles/htdocs/team11-PULSeBS/clientbuild/client/src/__tests__/TeacherHistoricalDataPage.test.js">
        <testCase name="renders learn react link" duration="55"/>
        <testCase name="list of filters starts with &quot;Lecture&quot; active" duration="106"/>
        <testCase name="updateCourses" duration="287"/>
        <testCase name="getDataFromServerAndUpdate" duration="6"/>
        <testCase name="handleNewDetailClick and handleNewCourseClick" duration="3"/>
        <testCase name="updateGraphData" duration="3"/>
    </file>
    <file path="/Applications/XAMPP/xamppfiles/htdocs/team11-PULSeBS/clientbuild/client/src/__tests__/TeacherNavigationButton.test.js">
        <testCase name="renders learn react link" duration="7"/>
        <testCase name="handleClick" duration="11"/>
    </file>
    <file path="/Applications/XAMPP/xamppfiles/htdocs/team11-PULSeBS/clientbuild/client/src/__tests__/LoginForm.test.js">
        <testCase name="LoginFrom renders correctly" duration="7"/>
        <testCase name="Input value update on change username" duration="16"/>
        <testCase name="Input value fail login" duration="22"/>
        <testCase name="Input value empty input" duration="7"/>
        <testCase name="Input value login bad credentials" duration="2"/>
        <testCase name="Input value login error" duration="15"/>
        <testCase name="Input value prevent default" duration="1"/>
        <testCase name="Input value redirect to student home" duration="2"/>
        <testCase name="Input value redirect to teacher home" duration="2"/>
        <testCase name="Input value redirect to booking-manager home" duration="1"/>
        <testCase name="Input value correct login" duration="3"/>
    </file>
</unitTest>