<?xml version="1.0" encoding="UTF-8"?>
<testExecutions version="1">
  <file path="/mnt/d/lessons/documentsLessons/softeng2/project2/team11-PULSeBS/clientBuild/client/src/Test/API.test.js">
    <testCase name="getBookableLectures" duration="387"/>
    <testCase name="userLogin" duration="44"/>
  </file>
  <file path="/mnt/d/lessons/documentsLessons/softeng2/project2/team11-PULSeBS/clientBuild/client/src/Test/App.test.js">
    <testCase name="fake test" duration="3"/>
  </file>
</testExecutions>